TN:
SF:C:\Users\wainw\source\repos\binary_tree_collections\src\map.rs
FNF:0
DA:15,9
DA:16,18
DA:17,6
DA:18,5
DA:19,1
DA:21,2
DA:22,1
DA:23,1
DA:25,1
DA:28,18
DA:29,3
DA:30,2
DA:31,1
DA:33,5
DA:34,4
DA:35,1
DA:37,1
DA:40,9
DA:41,7
DA:43,7
DA:45,2
DA:47,2
DA:53,1
DA:54,1
DA:57,3
DA:58,3
DA:71,1
DA:72,2
DA:73,1
DA:78,3
DA:79,3
DA:84,4
DA:85,8
DA:86,2
DA:93,2
DA:94,2
DA:95,1
DA:96,1
DA:97,1
DA:99,1
DA:101,1
DA:102,1
DA:103,1
DA:104,1
DA:111,2
DA:112,4
DA:113,1
DA:114,1
DA:119,1
DA:120,2
DA:122,2
DA:123,2
DA:125,1
DA:142,1
DA:143,1
DA:144,1
DA:151,10
DA:152,10
DA:153,42
DA:154,41
DA:155,10
DA:156,10
DA:163,1
DA:164,1
DA:165,1
DA:170,1
DA:171,1
DA:172,1
DA:178,2
DA:179,2
DA:188,1
DA:189,1
DA:205,2
DA:206,2
LF:74
LH:74
end_of_record
TN:
SF:C:\Users\wainw\source\repos\binary_tree_collections\src\set.rs
FNF:0
DA:8,2
DA:9,2
DA:10,2
DA:12,2
DA:13,2
DA:14,4
DA:16,2
DA:17,2
DA:18,4
DA:19,1
DA:20,1
DA:21,1
DA:23,1
DA:26,13
DA:27,11
DA:28,11
DA:29,22
DA:30,2
DA:31,2
DA:32,2
DA:34,9
DA:37,19
DA:38,8
DA:39,8
DA:40,8
DA:41,8
DA:44,11
DA:47,2
DA:48,1
DA:54,2
DA:55,2
DA:56,2
DA:57,2
DA:58,2
DA:63,1
DA:64,1
DA:69,1
DA:70,1
DA:75,4
DA:76,4
DA:83,9
DA:84,9
DA:85,9
DA:86,9
DA:88,9
DA:93,1
DA:94,1
DA:99,1
DA:100,1
DA:105,2
DA:106,2
DA:115,1
DA:116,1
DA:123,2
DA:124,2
DA:125,1
DA:126,1
DA:127,1
DA:128,1
DA:135,2
DA:136,2
DA:137,1
DA:138,1
DA:144,2
DA:145,2
DA:150,2
DA:151,4
DA:152,1
DA:168,1
DA:169,1
LF:70
LH:70
end_of_record
